<xml>
  <appId></appId>
  <secret></secret>
   <token></token>
  <accessToken></accessToken>
  <expiresIn></expiresIn>
  <openId></openId>
</xml>