<xml>
    <corpId>企业号corpid</corpId>
    <corpSecret>企业号corpsecret</corpSecret>
    <agentId>企业号应用id</agentId>
    <token>企业号应用Token</token>
    <aesKey>公众号应用EncodingAESKey</aesKey>
    <accessToken>可以不填写</accessToken>
    <expiresIn>可以不填写</expiresIn>
    <userId>企业号通讯录里的某个userid</userId>
    <departmentId>企业号通讯录的某个部门id</departmentId>
    <tagId>企业号通讯录里的某个tagid</tagId>
</xml>
